<?xml version="1.0" encoding="UTF-8"?>
<testng-results total="1" passed="1" failed="0" skipped="0">
  <reporter-output>
  </reporter-output>
  <suite started-at="2020-09-21T01:34:54Z" name="Command line suite" finished-at="2020-09-21T01:34:54Z" duration-ms="42">
    <groups>
    </groups>
    <test started-at="2020-09-21T01:34:54Z" name="Command line test" finished-at="2020-09-21T01:34:54Z" duration-ms="42">
      <class name="com.automation.training.AppTest">
        <test-method signature="testApp()[pri:0, instance:testApp(com.automation.training.AppTest)]" started-at="2020-09-20T20:34:54Z" name="testApp" finished-at="2020-09-20T20:34:54Z" duration-ms="2" status="PASS">
          <reporter-output>
          </reporter-output>
        </test-method> <!-- testApp -->
      </class> <!-- com.automation.training.AppTest -->
    </test> <!-- Command line test -->
  </suite> <!-- Command line suite -->
</testng-results>
